<?xml version="1.0" encoding="UTF-8"?>
<Site BuildName="[PyCTest-Basic-Example] [Darwin macOS 10.13.6 x86_64] [Python (CPython) 2.7.15]"
	BuildStamp="20181030-1624-Continuous"
	Name="JRM-macOS-DOE.local"
	Generator="ctest-3.12.20180607"
	CompilerName=""
	CompilerVersion=""
	OSName="Mac OS X"
	Hostname="JRM-macOS-DOE.local"
	OSRelease="10.13.6"
	OSVersion="17G65"
	OSPlatform="x86_64"
	Is64Bits="1"
	VendorString="GenuineIntel"
	VendorID="Intel Corporation"
	FamilyID="6"
	ModelID="158"
	ProcessorCacheSize="32768"
	NumberOfLogicalCPU="8"
	NumberOfPhysicalCPU="4"
	TotalVirtualMemory="2048"
	TotalPhysicalMemory="16384"
	LogicalProcessorsPerPhysical="8"
	ProcessorClockFrequency="3100"
	>
	<Testing>
		<StartDateTime>Oct 30 09:24 PDT</StartDateTime>
		<StartTestTime>1540916655</StartTestTime>
		<TestList>
			<Test>./make_test_directory</Test>
			<Test>./list_directories</Test>
			<Test>./print_hostname</Test>
			<Test>./check_environment</Test>
		</TestList>
		<Test Status="passed">
			<Name>make_test_directory</Name>
			<Path>.</Path>
			<FullName>./make_test_directory</FullName>
			<FullCommandLine>/bin/mkdir "-p" "-v" "/Users/jrmadsen/devel/c++/pyctest-master/examples/Basic/work_dir/test_dir"</FullCommandLine>
			<Results>
				<NamedMeasurement type="numeric/double" name="Execution Time">
					<Value>0.00267602</Value>
				</NamedMeasurement>
				<NamedMeasurement type="numeric/double" name="Processors">
					<Value>1</Value>
				</NamedMeasurement>
				<NamedMeasurement type="text/string" name="Completion Status">
					<Value>Completed</Value>
				</NamedMeasurement>
				<NamedMeasurement type="text/string" name="Command Line">
					<Value>/bin/mkdir "-p" "-v" "/Users/jrmadsen/devel/c++/pyctest-master/examples/Basic/work_dir/test_dir"</Value>
				</NamedMeasurement>
				<Measurement>
					<Value></Value>
				</Measurement>
			</Results>
		</Test>
		<Test Status="passed">
			<Name>list_directories</Name>
			<Path>.</Path>
			<FullName>./list_directories</FullName>
			<FullCommandLine>/bin/ls "/Users/jrmadsen/devel/c++/pyctest-master/examples/Basic/work_dir"</FullCommandLine>
			<Results>
				<NamedMeasurement type="numeric/double" name="Execution Time">
					<Value>0.00286305</Value>
				</NamedMeasurement>
				<NamedMeasurement type="numeric/double" name="Processors">
					<Value>1</Value>
				</NamedMeasurement>
				<NamedMeasurement type="text/string" name="Completion Status">
					<Value>Completed</Value>
				</NamedMeasurement>
				<NamedMeasurement type="text/string" name="Command Line">
					<Value>/bin/ls "/Users/jrmadsen/devel/c++/pyctest-master/examples/Basic/work_dir"</Value>
				</NamedMeasurement>
				<Measurement>
					<Value encoding="base64" compression="gzip">eJxzDkktLnHOz0vLTNdLzk3MTuVyBouUFpfk5yKLgHBaZk4qVMwzL7MEygwuSUxPLYZyQMoy89K5QksyczJLMuHiJUDx+JTMIi4AKqMpGA==</Value>
				</Measurement>
			</Results>
		</Test>
		<Test Status="passed">
			<Name>print_hostname</Name>
			<Path>.</Path>
			<FullName>./print_hostname</FullName>
			<FullCommandLine>/bin/hostname</FullCommandLine>
			<Results>
				<NamedMeasurement type="numeric/double" name="Execution Time">
					<Value>0.0026097</Value>
				</NamedMeasurement>
				<NamedMeasurement type="numeric/double" name="Processors">
					<Value>1</Value>
				</NamedMeasurement>
				<NamedMeasurement type="text/string" name="Completion Status">
					<Value>Completed</Value>
				</NamedMeasurement>
				<NamedMeasurement type="text/string" name="Command Line">
					<Value>/bin/hostname</Value>
				</NamedMeasurement>
				<Measurement>
					<Value>JRM-macOS-DOE.local
</Value>
				</Measurement>
			</Results>
		</Test>
		<Test Status="passed">
			<Name>check_environment</Name>
			<Path>.</Path>
			<FullName>./check_environment</FullName>
			<FullCommandLine>/opt/conda/3/envs/py27-builder/bin/python "/Users/jrmadsen/devel/c++/pyctest-master/examples/Basic/check_env.py"</FullCommandLine>
			<Results>
				<NamedMeasurement type="numeric/double" name="Execution Time">
					<Value>0.0271896</Value>
				</NamedMeasurement>
				<NamedMeasurement type="numeric/double" name="Processors">
					<Value>1</Value>
				</NamedMeasurement>
				<NamedMeasurement type="text/string" name="Completion Status">
					<Value>Completed</Value>
				</NamedMeasurement>
				<NamedMeasurement type="text/string" name="Command Line">
					<Value>/opt/conda/3/envs/py27-builder/bin/python "/Users/jrmadsen/devel/c++/pyctest-master/examples/Basic/check_env.py"</Value>
				</NamedMeasurement>
				<Measurement>
					<Value encoding="base64" compression="gzip">eJxzjXD0DfBxjXf1C4t3VMgsVlAPLk1OTi0uTivNyalUKE4tUUitSMwtyElVSM0ryyzKz8tNzStRKEssykxMAgo6qitwuSKZ4USGGU5AMwCc8i9F====</Value>
				</Measurement>
			</Results>
		</Test>
		<EndDateTime>Oct 30 09:24 PDT</EndDateTime>
		<EndTestTime>1540916655</EndTestTime>
		<ElapsedMinutes>0</ElapsedMinutes>
	</Testing>
</Site>
