Start testing: Oct 30 09:24 PDT
----------------------------------------------------------
1/4 Testing: make_test_directory
1/4 Test: make_test_directory
Command: "/bin/mkdir" "-p" "-v" "/Users/jrmadsen/devel/c++/pyctest-master/examples/Basic/work_dir/test_dir"
Directory: /Users/jrmadsen/devel/c++/pyctest-master/examples/Basic/work_dir
"make_test_directory" start time: Oct 30 09:24 PDT
Output:
----------------------------------------------------------
<end of output>
Test time =   0.00 sec
----------------------------------------------------------
Test Passed.
"make_test_directory" end time: Oct 30 09:24 PDT
"make_test_directory" time elapsed: 00:00:00
----------------------------------------------------------

2/4 Testing: list_directories
2/4 Test: list_directories
Command: "/bin/ls" "/Users/jrmadsen/devel/c++/pyctest-master/examples/Basic/work_dir"
Directory: /Users/jrmadsen/devel/c++/pyctest-master/examples/Basic/work_dir
"list_directories" start time: Oct 30 09:24 PDT
Output:
----------------------------------------------------------
CTestConfig.cmake
CTestCustom.cmake
CTestTestfile.cmake
Init.cmake
Stages.cmake
Testing
Utilities.cmake
test_dir
<end of output>
Test time =   0.00 sec
----------------------------------------------------------
Test Passed.
"list_directories" end time: Oct 30 09:24 PDT
"list_directories" time elapsed: 00:00:00
----------------------------------------------------------

3/4 Testing: print_hostname
3/4 Test: print_hostname
Command: "/bin/hostname"
Directory: /Users/jrmadsen/devel/c++/pyctest-master/examples/Basic/work_dir
"print_hostname" start time: Oct 30 09:24 PDT
Output:
----------------------------------------------------------
JRM-macOS-DOE.local
<end of output>
Test time =   0.00 sec
----------------------------------------------------------
Test Passed.
"print_hostname" end time: Oct 30 09:24 PDT
"print_hostname" time elapsed: 00:00:00
----------------------------------------------------------

4/4 Testing: check_environment
4/4 Test: check_environment
Command: "/opt/conda/3/envs/py27-builder/bin/python" "/Users/jrmadsen/devel/c++/pyctest-master/examples/Basic/check_env.py"
Directory: /Users/jrmadsen/devel/c++/pyctest-master/examples/Basic/work_dir
"check_environment" start time: Oct 30 09:24 PDT
Output:
----------------------------------------------------------
EXAMPLE_ENV_A is 'Successfully set example environment variable A' 
EXAMPLE_ENV_B is 'Successfully set example environment variable B' 
<end of output>
Test time =   0.03 sec
----------------------------------------------------------
Test Passed.
"check_environment" end time: Oct 30 09:24 PDT
"check_environment" time elapsed: 00:00:00
----------------------------------------------------------

End testing: Oct 30 09:24 PDT
